<?xml version="1.0" encoding="UTF-8"?>
<!-- Generated by org.testng.reporters.JUnitReportReporter -->
<testsuite hostname="PATHARAJ1" name="com.automation.ZoomInZoomOutExapmle" tests="1" failures="0" timestamp="5 Aug 2017 15:34:01 GMT" time="28.672" errors="0">
  <testcase name="zoomInOutTest" time="28.672" classname="com.automation.ZoomInZoomOutExapmle"/>
</testsuite> <!-- com.automation.ZoomInZoomOutExapmle -->
