<?xml version="1.0" encoding="UTF-8"?>
<!-- Generated by org.testng.reporters.JUnitReportReporter -->
<testsuite hostname="PATHARAJ1" name="com.automation.MouseHoverDemo" tests="1" failures="0" timestamp="3 Jul 2017 19:08:43 GMT" time="45.583" errors="0">
  <testcase name="multipleActionTest" time="45.583" classname="com.automation.MouseHoverDemo"/>
</testsuite> <!-- com.automation.MouseHoverDemo -->
