<?xml version="1.0" encoding="UTF-8"?>
<!-- Generated by org.testng.reporters.JUnitReportReporter -->
<testsuite hostname="PATHARAJ1" name="com.automation.RegexDemo" tests="1" failures="0" timestamp="20 Dec 2017 19:26:27 GMT" time="6.310" errors="0">
  <testcase name="PasswordValidator" time="6.310" classname="com.automation.RegexDemo"/>
</testsuite> <!-- com.automation.RegexDemo -->
