<?xml version="1.0" encoding="UTF-8"?>
<!-- Generated by org.testng.reporters.JUnitReportReporter -->
<testsuite hostname="PATHARAJ1" name="com.parallel.test.ClassA" tests="1" failures="0" timestamp="13 Dec 2017 13:04:51 GMT" time="10.924" errors="0">
  <testcase name="A" time="10.924" classname="com.parallel.test.ClassA"/>
</testsuite> <!-- com.parallel.test.ClassA -->
