<?xml version="1.0" encoding="UTF-8"?>
<!-- Generated by org.testng.reporters.JUnitReportReporter -->
<testsuite hostname="PATHARAJ1" name="com.selenium.maintopics.FullPageScreenshot" tests="1" failures="0" timestamp="12 Feb 2018 17:51:51 GMT" time="8.091" errors="0">
  <testcase name="takeScreenShot" time="8.091" classname="com.selenium.maintopics.FullPageScreenshot"/>
</testsuite> <!-- com.selenium.maintopics.FullPageScreenshot -->
