<?xml version="1.0" encoding="UTF-8"?>
<!-- Generated by org.testng.reporters.JUnitReportReporter -->
<testsuite hostname="PATHARAJ1" name="com.parallel.test.ClassE" tests="1" failures="0" timestamp="13 Dec 2017 13:04:51 GMT" time="8.435" errors="0">
  <testcase name="E" time="8.435" classname="com.parallel.test.ClassE"/>
</testsuite> <!-- com.parallel.test.ClassE -->
