<?xml version="1.0" encoding="UTF-8"?>
<!-- Generated by org.testng.reporters.JUnitReportReporter -->
<testsuite hostname="PATHARAJ1" name="com.automation.HandlingUntrustedSites" tests="1" failures="0" timestamp="8 Jan 2018 17:20:19 GMT" time="17.049" errors="0">
  <testcase name="handlingUntrustedSite" time="17.049" classname="com.automation.HandlingUntrustedSites"/>
</testsuite> <!-- com.automation.HandlingUntrustedSites -->
