<?xml version="1.0" encoding="UTF-8"?>
<!-- Generated by org.testng.reporters.JUnitReportReporter -->
<testsuite hostname="PATHARAJ1" name="com.automation.GoogleDynamicSearch" tests="1" failures="0" timestamp="28 Dec 2017 16:58:09 GMT" time="19.116" errors="0">
  <testcase name="verifyDynamicSearch" time="19.116" classname="com.automation.GoogleDynamicSearch"/>
</testsuite> <!-- com.automation.GoogleDynamicSearch -->
