<?xml version="1.0" encoding="UTF-8"?>
<!-- Generated by org.testng.reporters.JUnitReportReporter -->
<testsuite hostname="PATHARAJ1" name="com.automation.PracticeLab" tests="4" failures="0" timestamp="28 Dec 2017 18:14:41 GMT" time="2.501" errors="0">
  <testcase name="enterUserName" time="0.305" classname="com.automation.PracticeLab"/>
  <testcase name="getAttribute" time="0.135" classname="com.automation.PracticeLab"/>
  <testcase name="readAndWriteValue" time="0.246" classname="com.automation.PracticeLab"/>
  <testcase name="verifyTheLastNameBox" time="1.815" classname="com.automation.PracticeLab"/>
</testsuite> <!-- com.automation.PracticeLab -->
