<?xml version="1.0" encoding="UTF-8"?>
<!-- Generated by org.testng.reporters.JUnitReportReporter -->
<testsuite hostname="PATHARAJ1" name="com.selenium.maintopics.LoginPageTestPOM" tests="1" failures="0" timestamp="5 Feb 2018 12:44:25 GMT" time="1.063" errors="0">
  <testcase name="completeRegistration" time="1.063" classname="com.selenium.maintopics.LoginPageTestPOM"/>
</testsuite> <!-- com.selenium.maintopics.LoginPageTestPOM -->
