<?xml version="1.0" encoding="UTF-8"?>
<!-- Generated by org.testng.reporters.JUnitReportReporter -->
<testsuite hostname="PATHARAJ1" name="com.parallel.test.ClassB" tests="1" failures="0" timestamp="13 Dec 2017 13:04:51 GMT" time="7.663" errors="0">
  <testcase name="B" time="7.663" classname="com.parallel.test.ClassB"/>
</testsuite> <!-- com.parallel.test.ClassB -->
