<?xml version="1.0" encoding="UTF-8"?>
<!-- Generated by org.testng.reporters.JUnitReportReporter -->
<testsuite hostname="PATHARAJ1" name="com.automation.Demo1" tests="2" failures="0" timestamp="11 Dec 2017 13:40:49 GMT" time="0.012" errors="0">
  <testcase name="selectBrowser" time="0.001" classname="com.automation.Demo1"/>
  <testcase name="loginToApplication" time="0.011" classname="com.automation.Demo1"/>
</testsuite> <!-- com.automation.Demo1 -->
