<?xml version="1.0" encoding="UTF-8"?>
<!-- Generated by org.testng.reporters.JUnitReportReporter -->
<testsuite hostname="PATHARAJ1" name="com.automation.HTMLUnitDriverDemo" tests="1" failures="0" timestamp="22 Dec 2017 06:41:50 GMT" time="5.522" errors="0">
  <testcase name="HTMLUnitBrowserTest" time="5.522" classname="com.automation.HTMLUnitDriverDemo"/>
</testsuite> <!-- com.automation.HTMLUnitDriverDemo -->
