<?xml version="1.0" encoding="UTF-8"?>
<!-- Generated by org.testng.reporters.JUnitReportReporter -->
<testsuite hostname="PATHARAJ1" name="com.automation.AlertHandlingDemo" tests="1" failures="0" timestamp="8 Jan 2018 19:09:24 GMT" time="42.530" errors="0">
  <testcase name="acceptAlert" time="42.530" classname="com.automation.AlertHandlingDemo"/>
</testsuite> <!-- com.automation.AlertHandlingDemo -->
