<?xml version="1.0" encoding="UTF-8"?>
<!-- Generated by org.testng.reporters.JUnitReportReporter -->
<testsuite hostname="PATHARAJ1" name="com.automation.FlashElementExample" tests="1" failures="0" timestamp="22 Dec 2017 11:47:35 GMT" time="12.973" errors="0">
  <testcase name="Login" time="12.973" classname="com.automation.FlashElementExample"/>
</testsuite> <!-- com.automation.FlashElementExample -->
