<?xml version="1.0" encoding="UTF-8"?>
<!-- Generated by org.testng.reporters.JUnitReportReporter -->
<testsuite hostname="PATHARAJ1" name="com.automation.ExceptionTest" tests="1" failures="0" timestamp="2 Dec 2017 15:33:35 GMT" time="0.034" errors="0">
  <testcase name="DivideByZeroExample1" time="0.034" classname="com.automation.ExceptionTest"/>
</testsuite> <!-- com.automation.ExceptionTest -->
