<?xml version="1.0" encoding="UTF-8"?>
<!-- Generated by org.testng.reporters.JUnitReportReporter -->
<testsuite hostname="PATHARAJ1" name="com.selenium.maintopics.DownCastingInSelenium" tests="1" failures="0" timestamp="15 Feb 2018 17:23:19 GMT" time="38.826" errors="0">
  <testcase name="test" time="38.826" classname="com.selenium.maintopics.DownCastingInSelenium"/>
</testsuite> <!-- com.selenium.maintopics.DownCastingInSelenium -->
