<?xml version="1.0" encoding="UTF-8"?>
<!-- Generated by org.testng.reporters.JUnitReportReporter -->
<testsuite hostname="PATHARAJ1" name="com.selenium.maintopics.WEBELEMENT_COMMANDS" tests="1" failures="0" timestamp="13 Feb 2018 12:47:09 GMT" time="35.203" errors="0">
  <testcase name="verify" time="35.203" classname="com.selenium.maintopics.WEBELEMENT_COMMANDS"/>
</testsuite> <!-- com.selenium.maintopics.WEBELEMENT_COMMANDS -->
