<?xml version="1.0" encoding="UTF-8"?>
<!-- Generated by org.testng.reporters.JUnitReportReporter -->
<testsuite hostname="PATHARAJ1" name="com.automation.MultipleSelectionFromDropdown" tests="1" failures="0" timestamp="17 Jan 2018 16:26:44 GMT" time="22.486" errors="0">
  <testcase name="selectMultipleCity" time="22.486" classname="com.automation.MultipleSelectionFromDropdown"/>
</testsuite> <!-- com.automation.MultipleSelectionFromDropdown -->
