<?xml version="1.0" encoding="UTF-8"?>
<!-- Generated by org.testng.reporters.JUnitReportReporter -->
<testsuite hostname="PATHARAJ1" name="com.parallel.test.ClassD" tests="1" failures="0" timestamp="13 Dec 2017 13:04:51 GMT" time="8.231" errors="0">
  <testcase name="D" time="8.231" classname="com.parallel.test.ClassD"/>
</testsuite> <!-- com.parallel.test.ClassD -->
