<?xml version="1.0" encoding="UTF-8"?>
<!-- Generated by org.testng.reporters.JUnitReportReporter -->
<testsuite hostname="PATHARAJ1" name="com.automation.PriorityCheckDemo" tests="4" failures="0" timestamp="2 Dec 2017 15:42:01 GMT" time="0.023" errors="0">
  <testcase name="b_Test" time="0.006" classname="com.automation.PriorityCheckDemo"/>
  <testcase name="c_Test" time="0.002" classname="com.automation.PriorityCheckDemo"/>
  <testcase name="d_Test" time="0.001" classname="com.automation.PriorityCheckDemo"/>
  <testcase name="a_Test" time="0.014" classname="com.automation.PriorityCheckDemo"/>
</testsuite> <!-- com.automation.PriorityCheckDemo -->
