<?xml version="1.0" encoding="UTF-8"?>
<!-- Generated by org.testng.reporters.JUnitReportReporter -->
<testsuite hostname="PATHARAJ1" name="com.automation.JavaScriptExecutorDemo" tests="1" failures="0" timestamp="6 Jul 2017 18:52:09 GMT" time="4.968" errors="0">
  <testcase name="demo" time="4.968" classname="com.automation.JavaScriptExecutorDemo"/>
</testsuite> <!-- com.automation.JavaScriptExecutorDemo -->
