<?xml version="1.0" encoding="UTF-8"?>
<!-- Generated by org.testng.reporters.JUnitReportReporter -->
<testsuite hostname="PATHARAJ1" name="com.automation.WalletHubDemo" tests="1" failures="0" timestamp="1 Dec 2017 18:46:09 GMT" time="24.772" errors="0">
  <testcase name="closeAlert" time="24.772" classname="com.automation.WalletHubDemo"/>
</testsuite> <!-- com.automation.WalletHubDemo -->
