<?xml version="1.0" encoding="UTF-8"?>
<!-- Generated by org.testng.reporters.JUnitReportReporter -->
<testsuite hostname="PATHARAJ1" name="com.parallel.test.ClassF" tests="1" failures="0" timestamp="13 Dec 2017 13:04:51 GMT" time="9.248" errors="0">
  <testcase name="F" time="9.248" classname="com.parallel.test.ClassF"/>
</testsuite> <!-- com.parallel.test.ClassF -->
