<?xml version="1.0" encoding="UTF-8"?>
<!-- Generated by org.testng.reporters.JUnitReportReporter -->
<testsuite hostname="PATHARAJ1" name="com.selenium.maintopics.LinkPageTest" tests="1" failures="0" timestamp="5 Feb 2018 09:38:12 GMT" time="63.327" errors="0">
  <testcase name="verifyTest" time="63.327" classname="com.selenium.maintopics.LinkPageTest"/>
</testsuite> <!-- com.selenium.maintopics.LinkPageTest -->
